# JRE version: OpenJDK Runtime Environment (8.0_152-b02) (build 1.8.0_152-release-1024-b02)
# Java VM: OpenJDK 64-Bit Server VM (25.152-b02 mixed mode windows-amd64 compressed oops)
Heap:
 PSYoungGen      total 267776K, used 99576K [0x00000000e0000000, 0x00000000f2680000, 0x0000000100000000)
  eden space 248320K, 40% used [0x00000000e0000000,0x00000000e613e2d0,0x00000000ef280000)
  from space 19456K, 0% used [0x00000000f1380000,0x00000000f1380000,0x00000000f2680000)
  to   space 26624K, 0% used [0x00000000ef280000,0x00000000ef280000,0x00000000f0c80000)
 ParOldGen       total 138240K, used 61088K [0x00000000a0000000, 0x00000000a8700000, 0x00000000e0000000)
  object space 138240K, 44% used [0x00000000a0000000,0x00000000a3ba8138,0x00000000a8700000)
 Metaspace       used 81852K, capacity 84934K, committed 85120K, reserved 1122304K
  class space    used 10667K, capacity 11296K, committed 11392K, reserved 1048576K
GC Heap History (10 events):
Event: 44.844 GC heap before
{Heap before GC invocations=16 (full 3):
 PSYoungGen      total 182272K, used 168448K [0x00000000e0000000, 0x00000000ec180000, 0x0000000100000000)
  eden space 168448K, 100% used [0x00000000e0000000,0x00000000ea480000,0x00000000ea480000)
  from space 13824K, 0% used [0x00000000eb400000,0x00000000eb400000,0x00000000ec180000)
  to   space 14848K, 0% used [0x00000000ea480000,0x00000000ea480000,0x00000000eb300000)
 ParOldGen       total 89600K, used 36227K [0x00000000a0000000, 0x00000000a5780000, 0x00000000e0000000)
  object space 89600K, 40% used [0x00000000a0000000,0x00000000a2360f10,0x00000000a5780000)
 Metaspace       used 62463K, capacity 64304K, committed 64640K, reserved 1105920K
  class space    used 8514K, capacity 8971K, committed 9088K, reserved 1048576K
Event: 44.909 GC heap after
Heap after GC invocations=16 (full 3):
 PSYoungGen      total 183296K, used 14831K [0x00000000e0000000, 0x00000000ef180000, 0x0000000100000000)
  eden space 168448K, 0% used [0x00000000e0000000,0x00000000e0000000,0x00000000ea480000)
  from space 14848K, 99% used [0x00000000ea480000,0x00000000eb2fbee0,0x00000000eb300000)
  to   space 19968K, 0% used [0x00000000ede00000,0x00000000ede00000,0x00000000ef180000)
 ParOldGen       total 89600K, used 43943K [0x00000000a0000000, 0x00000000a5780000, 0x00000000e0000000)
  object space 89600K, 49% used [0x00000000a0000000,0x00000000a2ae9e58,0x00000000a5780000)
 Metaspace       used 62463K, capacity 64304K, committed 64640K, reserved 1105920K
  class space    used 8514K, capacity 8971K, committed 9088K, reserved 1048576K
}
Event: 72.309 GC heap before
{Heap before GC invocations=17 (full 3):
 PSYoungGen      total 183296K, used 183279K [0x00000000e0000000, 0x00000000ef180000, 0x0000000100000000)
  eden space 168448K, 100% used [0x00000000e0000000,0x00000000ea480000,0x00000000ea480000)
  from space 14848K, 99% used [0x00000000ea480000,0x00000000eb2fbee0,0x00000000eb300000)
  to   space 19968K, 0% used [0x00000000ede00000,0x00000000ede00000,0x00000000ef180000)
 ParOldGen       total 89600K, used 43943K [0x00000000a0000000, 0x00000000a5780000, 0x00000000e0000000)
  object space 89600K, 49% used [0x00000000a0000000,0x00000000a2ae9e58,0x00000000a5780000)
 Metaspace       used 69426K, capacity 71570K, committed 71808K, reserved 1112064K
  class space    used 9329K, capacity 9806K, committed 9856K, reserved 1048576K
Event: 72.876 GC heap after
Heap after GC invocations=17 (full 3):
 PSYoungGen      total 225280K, used 17202K [0x00000000e0000000, 0x00000000efb80000, 0x0000000100000000)
  eden space 205312K, 0% used [0x00000000e0000000,0x00000000e0000000,0x00000000ec880000)
  from space 19968K, 86% used [0x00000000ede00000,0x00000000eeecc918,0x00000000ef180000)
  to   space 22016K, 0% used [0x00000000ec880000,0x00000000ec880000,0x00000000ede00000)
 ParOldGen       total 89600K, used 58565K [0x00000000a0000000, 0x00000000a5780000, 0x00000000e0000000)
  object space 89600K, 65% used [0x00000000a0000000,0x00000000a3931638,0x00000000a5780000)
 Metaspace       used 69426K, capacity 71570K, committed 71808K, reserved 1112064K
  class space    used 9329K, capacity 9806K, committed 9856K, reserved 1048576K
}
Event: 259.684 GC heap before
{Heap before GC invocations=18 (full 3):
 PSYoungGen      total 225280K, used 222514K [0x00000000e0000000, 0x00000000efb80000, 0x0000000100000000)
  eden space 205312K, 100% used [0x00000000e0000000,0x00000000ec880000,0x00000000ec880000)
  from space 19968K, 86% used [0x00000000ede00000,0x00000000eeecc918,0x00000000ef180000)
  to   space 22016K, 0% used [0x00000000ec880000,0x00000000ec880000,0x00000000ede00000)
 ParOldGen       total 89600K, used 58565K [0x00000000a0000000, 0x00000000a5780000, 0x00000000e0000000)
  object space 89600K, 65% used [0x00000000a0000000,0x00000000a3931638,0x00000000a5780000)
 Metaspace       used 78765K, capacity 81794K, committed 82048K, reserved 1120256K
  class space    used 10413K, capacity 11052K, committed 11136K, reserved 1048576K
Event: 260.381 GC heap after
Heap after GC invocations=18 (full 3):
 PSYoungGen      total 227328K, used 22010K [0x00000000e0000000, 0x00000000f2e80000, 0x0000000100000000)
  eden space 205312K, 0% used [0x00000000e0000000,0x00000000e0000000,0x00000000ec880000)
  from space 22016K, 99% used [0x00000000ec880000,0x00000000eddfeb90,0x00000000ede00000)
  to   space 27648K, 0% used [0x00000000f1380000,0x00000000f1380000,0x00000000f2e80000)
 ParOldGen       total 89600K, used 64125K [0x00000000a0000000, 0x00000000a5780000, 0x00000000e0000000)
  object space 89600K, 71% used [0x00000000a0000000,0x00000000a3e9f460,0x00000000a5780000)
 Metaspace       used 78765K, capacity 81794K, committed 82048K, reserved 1120256K
  class space    used 10413K, capacity 11052K, committed 11136K, reserved 1048576K
}
Event: 466.201 GC heap before
{Heap before GC invocations=19 (full 3):
 PSYoungGen      total 227328K, used 227322K [0x00000000e0000000, 0x00000000f2e80000, 0x0000000100000000)
  eden space 205312K, 100% used [0x00000000e0000000,0x00000000ec880000,0x00000000ec880000)
  from space 22016K, 99% used [0x00000000ec880000,0x00000000eddfeb90,0x00000000ede00000)
  to   space 27648K, 0% used [0x00000000f1380000,0x00000000f1380000,0x00000000f2e80000)
 ParOldGen       total 89600K, used 64125K [0x00000000a0000000, 0x00000000a5780000, 0x00000000e0000000)
  object space 89600K, 71% used [0x00000000a0000000,0x00000000a3e9f460,0x00000000a5780000)
 Metaspace       used 79495K, capacity 82700K, committed 82816K, reserved 1120256K
  class space    used 10446K, capacity 11109K, committed 11136K, reserved 1048576K
Event: 466.646 GC heap after
Heap after GC invocations=19 (full 3):
 PSYoungGen      total 267776K, used 7497K [0x00000000e0000000, 0x00000000f2680000, 0x0000000100000000)
  eden space 248320K, 0% used [0x00000000e0000000,0x00000000e0000000,0x00000000ef280000)
  from space 19456K, 38% used [0x00000000f1380000,0x00000000f1ad25b8,0x00000000f2680000)
  to   space 26624K, 0% used [0x00000000ef280000,0x00000000ef280000,0x00000000f0c80000)
 ParOldGen       total 89600K, used 76464K [0x00000000a0000000, 0x00000000a5780000, 0x00000000e0000000)
  object space 89600K, 85% used [0x00000000a0000000,0x00000000a4aac378,0x00000000a5780000)
 Metaspace       used 79495K, capacity 82700K, committed 82816K, reserved 1120256K
  class space    used 10446K, capacity 11109K, committed 11136K, reserved 1048576K
}
Event: 466.646 GC heap before
{Heap before GC invocations=20 (full 4):
 PSYoungGen      total 267776K, used 7497K [0x00000000e0000000, 0x00000000f2680000, 0x0000000100000000)
  eden space 248320K, 0% used [0x00000000e0000000,0x00000000e0000000,0x00000000ef280000)
  from space 19456K, 38% used [0x00000000f1380000,0x00000000f1ad25b8,0x00000000f2680000)
  to   space 26624K, 0% used [0x00000000ef280000,0x00000000ef280000,0x00000000f0c80000)
 ParOldGen       total 89600K, used 76464K [0x00000000a0000000, 0x00000000a5780000, 0x00000000e0000000)
  object space 89600K, 85% used [0x00000000a0000000,0x00000000a4aac378,0x00000000a5780000)
 Metaspace       used 79495K, capacity 82700K, committed 82816K, reserved 1120256K
  class space    used 10446K, capacity 11109K, committed 11136K, reserved 1048576K
Event: 469.305 GC heap after
Heap after GC invocations=20 (full 4):
 PSYoungGen      total 267776K, used 0K [0x00000000e0000000, 0x00000000f2680000, 0x0000000100000000)
  eden space 248320K, 0% used [0x00000000e0000000,0x00000000e0000000,0x00000000ef280000)
  from space 19456K, 0% used [0x00000000f1380000,0x00000000f1380000,0x00000000f2680000)
  to   space 26624K, 0% used [0x00000000ef280000,0x00000000ef280000,0x00000000f0c80000)
 ParOldGen       total 138240K, used 61088K [0x00000000a0000000, 0x00000000a8700000, 0x00000000e0000000)
  object space 138240K, 44% used [0x00000000a0000000,0x00000000a3ba8138,0x00000000a8700000)
 Metaspace       used 79382K, capacity 82410K, committed 82816K, reserved 1120256K
  class space    used 10407K, capacity 11040K, committed 11136K, reserved 1048576K
}

